[2026-05-28 22:19:15] GET /
[2026-05-28 22:19:20] GET /products/create
[2026-05-28 22:19:21] GET /
[2026-05-28 22:19:22] GET /products/4/edit
[2026-05-28 22:19:26] GET /
[2026-05-28 22:20:04] GET /
[2026-05-28 22:20:04] GET /
[2026-05-28 22:20:05] GET /products/create
[2026-05-28 22:20:07] GET /products/4/edit
[2026-05-28 22:20:10] GET /products/4/edit
[2026-05-28 22:27:13] GET /
[2026-05-28 22:34:56] GET /
[2026-05-28 22:34:57] GET /products/create
[2026-05-28 22:34:58] GET /
[2026-05-28 22:34:59] GET /products/create
[2026-05-28 22:34:59] GET /
[2026-05-28 22:35:00] GET /products/create
[2026-05-28 22:35:00] GET /
[2026-05-28 22:35:00] GET /products/create
[2026-05-28 22:35:01] GET /
[2026-05-28 22:35:11] GET /
[2026-05-28 22:35:11] GET /
[2026-05-28 22:35:16] GET /
[2026-05-28 22:35:17] GET /
[2026-05-28 22:35:31] GET /
[2026-05-28 22:35:31] GET /
[2026-05-28 22:35:31] GET /
[2026-05-28 22:35:32] GET /products/create
[2026-05-28 22:35:33] GET /
[2026-05-28 22:35:33] GET /products/create
[2026-05-28 22:35:35] GET /
[2026-05-28 22:35:38] GET /products/4/edit
[2026-05-28 22:35:40] GET /
[2026-05-29 02:12:41] GET /
[2026-05-29 02:12:57] GET /products/3/edit
[2026-05-29 02:13:00] GET /
[2026-05-29 02:19:02] GET /
[2026-05-29 02:19:03] GET /
[2026-05-29 02:19:03] GET /products/create
[2026-05-29 02:19:42] POST /products
[2026-05-29 02:19:42] GET /
[2026-05-29 02:19:46] GET /products/6/edit
[2026-05-29 02:19:48] GET /
[2026-05-29 02:25:05] GET /
[2026-05-30 00:42:49] GET /
[2026-05-30 00:45:09] GET /
[2026-05-30 00:45:10] GET /
[2026-05-30 00:45:15] GET /
[2026-05-30 00:45:26] GET /
[2026-05-30 00:45:27] GET /
[2026-05-30 00:45:28] GET /
[2026-05-30 00:45:38] GET /
[2026-05-30 00:45:38] GET /
[2026-05-30 00:45:38] GET /
[2026-05-30 00:45:38] GET /
[2026-05-30 00:45:39] GET /
[2026-05-30 00:45:39] GET /
[2026-05-30 00:45:43] GET /
[2026-05-30 00:45:43] GET /
[2026-05-30 00:45:43] GET /
[2026-05-30 00:45:43] GET /
[2026-05-30 00:46:20] GET /
[2026-05-30 00:46:21] GET /
[2026-05-30 00:46:21] GET /
[2026-05-30 00:46:21] GET /
[2026-05-30 00:46:21] GET /
[2026-05-30 00:47:10] GET /
[2026-05-30 00:47:11] GET /
[2026-05-30 00:47:13] GET /products/4/edit
[2026-05-30 00:47:14] GET /
[2026-05-30 00:47:16] GET /products/create
[2026-05-30 00:47:17] GET /
[2026-05-30 00:51:11] GET /
[2026-05-30 00:51:12] GET /
[2026-05-30 00:51:12] GET /
[2026-05-30 00:52:22] GET /products/4/edit
[2026-05-30 00:52:28] GET /
[2026-05-30 00:53:33] GET /products/create
[2026-05-30 00:54:02] GET /
[2026-05-30 00:57:11] GET /
[2026-05-30 00:57:12] GET /
[2026-05-30 00:59:11] GET /
[2026-05-30 00:59:12] GET /products/4
[2026-05-30 00:59:28] GET /
[2026-05-30 01:01:56] GET /
[2026-05-30 01:01:58] GET /
[2026-05-30 01:01:58] GET /
[2026-05-30 01:01:59] GET /
[2026-05-30 01:02:06] GET /
[2026-05-30 01:03:35] GET /
[2026-05-30 01:05:13] GET /
[2026-05-30 02:49:47] GET /
[2026-05-30 02:50:06] GET /products/create
[2026-05-30 02:50:08] GET /
[2026-05-30 02:50:11] GET /products/4/edit
[2026-05-30 02:50:12] GET /
[2026-05-30 02:50:14] GET /products/create
[2026-05-30 02:51:47] GET /
[2026-05-30 02:51:52] GET /products/create
[2026-05-30 02:53:34] GET /
[2026-05-30 02:53:36] GET /products/4
[2026-05-30 02:53:40] GET /
[2026-05-30 02:53:42] GET /products/6/edit
[2026-05-30 02:53:46] POST /products/6/update
[2026-05-30 02:53:46] GET /
[2026-05-30 02:53:47] GET /products/4
[2026-05-30 02:53:48] GET /
[2026-05-30 02:53:50] GET /products/6
[2026-05-30 02:53:52] GET /
[2026-05-30 02:53:54] GET /products/2
[2026-05-30 02:53:56] GET /
[2026-05-30 02:53:59] GET /products/4
[2026-05-30 02:54:03] GET /
[2026-05-30 02:54:05] GET /products/2
[2026-05-30 02:54:07] GET /
[2026-05-30 02:54:07] GET /products/5
[2026-05-30 02:54:09] GET /
[2026-05-30 02:54:10] GET /products/6
[2026-05-30 02:54:12] GET /
[2026-05-30 02:55:14] GET /products/4
[2026-05-30 02:55:19] GET /
[2026-06-01 01:33:48] GET /
[2026-06-01 02:59:20] GET /
[2026-06-01 02:59:21] GET /products/4
[2026-06-01 02:59:27] GET /
[2026-06-01 02:59:29] GET /products/3
[2026-06-01 02:59:31] GET /
[2026-06-01 02:59:33] GET /products/5
[2026-06-01 02:59:34] GET /
[2026-06-01 03:45:17] GET /products/4
[2026-06-01 03:45:19] GET /
[2026-06-01 05:51:34] GET /products/4/edit
[2026-06-01 05:51:41] POST /products/4/update
[2026-06-01 05:51:48] GET /
[2026-06-01 05:51:56] GET /products/4/edit
[2026-06-01 05:52:06] POST /products/4/update
[2026-06-01 05:52:11] GET /
[2026-06-01 06:12:55] GET /
[2026-06-01 06:27:33] GET /
[2026-06-01 06:27:33] GET /
[2026-06-01 06:27:34] GET /
[2026-06-01 06:27:42] GET /products/4
[2026-06-01 06:27:47] GET /products/4
[2026-06-01 06:30:34] GET /
[2026-06-01 06:31:28] GET /
[2026-06-01 06:36:38] GET /products/create
[2026-06-01 06:36:49] GET /
[2026-06-01 06:36:49] GET /
[2026-06-01 06:36:49] GET /
[2026-06-01 06:36:50] GET /products/create
[2026-06-01 06:36:52] GET /products/create
[2026-06-01 06:37:18] GET /
[2026-06-01 06:37:19] GET /
[2026-06-01 06:37:41] GET /products/create
[2026-06-01 06:37:42] GET /products/create
[2026-06-01 06:37:59] GET /
[2026-06-01 06:37:59] GET /
[2026-06-01 06:38:00] GET /products/create
[2026-06-01 06:38:01] GET /
[2026-06-01 06:38:19] GET /
[2026-06-01 06:38:20] GET /products/create
[2026-06-01 06:38:24] GET /products/create
[2026-06-01 06:38:28] GET /
[2026-06-01 06:38:38] GET /
[2026-06-01 06:38:39] GET /products/create
[2026-06-01 06:38:40] GET /
[2026-06-01 06:38:56] GET /products/4
[2026-06-01 06:38:58] GET /
[2026-06-01 06:39:43] GET /products/create
[2026-06-01 06:40:24] POST /products
[2026-06-01 06:40:25] GET /
[2026-06-01 06:40:31] GET /products/7/edit
[2026-06-01 06:40:34] GET /
[2026-06-01 06:40:39] GET /products/7/edit
[2026-06-01 06:41:00] GET /
[2026-06-01 06:41:04] GET /products/4/edit
[2026-06-01 06:41:16] POST /products/4/update
[2026-06-01 06:41:16] GET /
[2026-06-01 06:41:33] POST /products/1/delete
[2026-06-01 06:41:33] GET /
[2026-06-01 06:54:06] GET /
[2026-06-01 06:54:06] GET /
[2026-06-01 06:54:07] GET /
[2026-06-01 06:56:22] GET /
[2026-06-01 06:56:22] GET /
[2026-06-01 06:56:22] GET /
[2026-06-01 06:56:38] GET /movie
[2026-06-01 06:57:55] GET /
[2026-06-01 06:58:07] GET /
[2026-06-01 06:58:08] GET /
[2026-06-01 07:04:11] GET /
[2026-06-01 07:04:11] GET /
[2026-06-01 07:04:11] GET /
[2026-06-01 07:07:03] GET /products/movie
[2026-06-01 07:08:22] GET /products/4
[2026-06-01 07:08:28] GET /
